<?xml version="1.0" encoding="UTF-8"?>
<testng-results skipped="0" failed="0" ignored="0" total="1" passed="1">
  <reporter-output>
  </reporter-output>
  <suite name="Default suite" duration-ms="60411" started-at="2022-05-23T07:39:46 IST" finished-at="2022-05-23T07:40:47 IST">
    <groups>
    </groups>
    <test name="Default test" duration-ms="60411" started-at="2022-05-23T07:39:46 IST" finished-at="2022-05-23T07:40:47 IST">
      <class name="testCases.PageFacttoryLoginApplication">
        <test-method status="PASS" signature="login()[pri:0, instance:testCases.PageFacttoryLoginApplication@1786dec2]" name="login" duration-ms="60341" started-at="2022-05-23T07:39:46 IST" finished-at="2022-05-23T07:40:47 IST">
          <reporter-output>
          </reporter-output>
        </test-method> <!-- login -->
      </class> <!-- testCases.PageFacttoryLoginApplication -->
    </test> <!-- Default test -->
  </suite> <!-- Default suite -->
</testng-results>
